<?xml version="1.0" encoding="UTF-8"?>
<!-- Generated by org.testng.reporters.JUnitXMLReporter -->
<testsuite hostname="Maria" name="GRP-single" tests="1" failures="0" timestamp="7 Aug 2013 19:26:00 GMT" time="0.056" errors="0">
  <testcase name="@BeforeMethod openBrowser" time="0.0" classname="com.livejournalmain.testcategories.logintests.LogInPageActualTests">
    <failure type="org.testng.TestNGException" message="
Parameter &amp;apos;webDriver&amp;apos; is required by @Configuration on method openBrowser but has not been marked @Optional or defined
in C:\Users\Марічка\AppData\Local\Temp\testng-eclipse-728736311\testng-customsuite.xml">
      <![CDATA[org.testng.TestNGException: 
Parameter 'webDriver' is required by @Configuration on method openBrowser but has not been marked @Optional or defined
in C:\Users\Марічка\AppData\Local\Temp\testng-eclipse-728736311\testng-customsuite.xml
	at org.testng.internal.Parameters.createParameters(Parameters.java:155)
	at org.testng.internal.Parameters.createParameters(Parameters.java:358)
	at org.testng.internal.Parameters.createConfigurationParameters(Parameters.java:86)
	at org.testng.internal.Invoker.invokeConfigurations(Invoker.java:199)
	at org.testng.internal.Invoker.invokeMethod(Invoker.java:653)
	at org.testng.internal.Invoker.invokeTestMethod(Invoker.java:901)
	at org.testng.internal.Invoker.invokeTestMethods(Invoker.java:1231)
	at org.testng.internal.TestMethodWorker.invokeTestMethods(TestMethodWorker.java:127)
	at org.testng.internal.TestMethodWorker.run(TestMethodWorker.java:111)
	at org.testng.TestRunner.privateRun(TestRunner.java:767)
	at org.testng.TestRunner.run(TestRunner.java:617)
	at org.testng.SuiteRunner.runTest(SuiteRunner.java:335)
	at org.testng.SuiteRunner.runSequentially(SuiteRunner.java:330)
	at org.testng.SuiteRunner.privateRun(SuiteRunner.java:291)
	at org.testng.SuiteRunner.run(SuiteRunner.java:240)
	at org.testng.SuiteRunnerWorker.runSuite(SuiteRunnerWorker.java:52)
	at org.testng.SuiteRunnerWorker.run(SuiteRunnerWorker.java:86)
	at org.testng.TestNG.runSuitesSequentially(TestNG.java:1224)
	at org.testng.TestNG.runSuitesLocally(TestNG.java:1149)
	at org.testng.TestNG.run(TestNG.java:1057)
	at org.testng.remote.RemoteTestNG.run(RemoteTestNG.java:111)
	at org.testng.remote.RemoteTestNG.initAndRun(RemoteTestNG.java:204)
	at org.testng.remote.RemoteTestNG.main(RemoteTestNG.java:175)
]]>
    </failure>
  </testcase> <!-- @BeforeMethod openBrowser -->
  <testcase name="@AfterMethod closeBrowser" time="0.0" classname="com.livejournalmain.testcategories.logintests.LogInPageActualTests">
    <skipped/>
  </testcase> <!-- @AfterMethod closeBrowser -->
  <testcase name="enterApp" time="0.006" classname="com.livejournalmain.testcategories.logintests.LogInPageActualTests">
    <skipped/>
  </testcase> <!-- enterApp -->
</testsuite> <!-- GRP-single -->
