<?xml version="1.0" encoding="UTF-8"?>
<testng-results skipped="0" failed="1" total="3" passed="2">
  <reporter-output>
  </reporter-output>
  <suite name="Default suite" duration-ms="40819" started-at="2013-08-12T12:48:40Z" finished-at="2013-08-12T12:49:21Z">
    <groups>
    </groups>
    <test name="Default test" duration-ms="40819" started-at="2013-08-12T12:48:40Z" finished-at="2013-08-12T12:49:21Z">
      <class name="com.livejournalmain.testcategories.logintests.PostingPageActualTest">
        <test-method status="PASS" signature="openBrowser()[pri:0, instance:com.livejournalmain.testcategories.logintests.PostingPageActualTest@47aed201]" name="openBrowser" is-config="true" duration-ms="77061" started-at="2013-08-12T15:47:23Z" finished-at="2013-08-12T15:48:40Z">
          <reporter-output>
          </reporter-output>
        </test-method> <!-- openBrowser -->
        <test-method status="PASS" signature="myInit()[pri:0, instance:com.livejournalmain.testcategories.logintests.PostingPageActualTest@47aed201]" name="myInit" is-config="true" duration-ms="2404" started-at="2013-08-12T15:48:46Z" finished-at="2013-08-12T15:48:49Z">
          <reporter-output>
          </reporter-output>
        </test-method> <!-- myInit -->
        <test-method status="PASS" signature="addPost()[pri:0, instance:com.livejournalmain.testcategories.logintests.PostingPageActualTest@47aed201]" name="addPost" duration-ms="32241" started-at="2013-08-12T15:48:49Z" finished-at="2013-08-12T15:49:21Z">
          <reporter-output>
          </reporter-output>
        </test-method> <!-- addPost -->
        <test-method status="PASS" signature="closeBrowser()[pri:0, instance:com.livejournalmain.testcategories.logintests.PostingPageActualTest@47aed201]" name="closeBrowser" is-config="true" duration-ms="11" started-at="2013-08-12T15:49:21Z" finished-at="2013-08-12T15:49:21Z">
          <reporter-output>
          </reporter-output>
        </test-method> <!-- closeBrowser -->
      </class> <!-- com.livejournalmain.testcategories.logintests.PostingPageActualTest -->
      <class name="com.livejournalmain.testcategories.logintests.LogInPageActualTests">
        <test-method status="PASS" signature="verifyHomePage()[pri:0, instance:com.livejournalmain.testcategories.logintests.LogInPageActualTests@69960a51]" name="verifyHomePage" duration-ms="2033" started-at="2013-08-12T15:48:44Z" finished-at="2013-08-12T15:48:46Z">
          <reporter-output>
          </reporter-output>
        </test-method> <!-- verifyHomePage -->
      </class> <!-- com.livejournalmain.testcategories.logintests.LogInPageActualTests -->
      <class name="com.livejournalmain.testcategories.logintests.HomePageActualTest">
        <test-method status="FAIL" signature="profileSettings()[pri:0, instance:com.livejournalmain.testcategories.logintests.HomePageActualTest@797f81fe]" name="profileSettings" duration-ms="4113" started-at="2013-08-12T15:48:40Z" finished-at="2013-08-12T15:48:44Z">
          <exception class="java.lang.AssertionError">
            <message>
              <![CDATA[expected [true] but found [false]]]>
            </message>
            <full-stacktrace>
              <![CDATA[java.lang.AssertionError: expected [true] but found [false]
	at org.testng.Assert.fail(Assert.java:94)
	at org.testng.Assert.failNotEquals(Assert.java:494)
	at org.testng.Assert.assertTrue(Assert.java:42)
	at org.testng.Assert.assertTrue(Assert.java:52)
	at com.livejournalmain.testcategories.logintests.HomePageActualTest.profileSettings(HomePageActualTest.java:14)
	at sun.reflect.NativeMethodAccessorImpl.invoke0(Native Method)
	at sun.reflect.NativeMethodAccessorImpl.invoke(NativeMethodAccessorImpl.java:57)
	at sun.reflect.DelegatingMethodAccessorImpl.invoke(DelegatingMethodAccessorImpl.java:43)
	at java.lang.reflect.Method.invoke(Method.java:601)
	at org.testng.internal.MethodInvocationHelper.invokeMethod(MethodInvocationHelper.java:84)
	at org.testng.internal.Invoker.invokeMethod(Invoker.java:714)
	at org.testng.internal.Invoker.invokeTestMethod(Invoker.java:901)
	at org.testng.internal.Invoker.invokeTestMethods(Invoker.java:1231)
	at org.testng.internal.TestMethodWorker.invokeTestMethods(TestMethodWorker.java:127)
	at org.testng.internal.TestMethodWorker.run(TestMethodWorker.java:111)
	at org.testng.TestRunner.privateRun(TestRunner.java:767)
	at org.testng.TestRunner.run(TestRunner.java:617)
	at org.testng.SuiteRunner.runTest(SuiteRunner.java:335)
	at org.testng.SuiteRunner.runSequentially(SuiteRunner.java:330)
	at org.testng.SuiteRunner.privateRun(SuiteRunner.java:291)
	at org.testng.SuiteRunner.run(SuiteRunner.java:240)
	at org.testng.SuiteRunnerWorker.runSuite(SuiteRunnerWorker.java:52)
	at org.testng.SuiteRunnerWorker.run(SuiteRunnerWorker.java:86)
	at org.testng.TestNG.runSuitesSequentially(TestNG.java:1224)
	at org.testng.TestNG.runSuitesLocally(TestNG.java:1149)
	at org.testng.TestNG.run(TestNG.java:1057)
	at org.testng.remote.RemoteTestNG.run(RemoteTestNG.java:111)
	at org.testng.remote.RemoteTestNG.initAndRun(RemoteTestNG.java:204)
	at org.testng.remote.RemoteTestNG.main(RemoteTestNG.java:175)
]]>
            </full-stacktrace>
          </exception> <!-- java.lang.AssertionError -->
          <reporter-output>
          </reporter-output>
        </test-method> <!-- profileSettings -->
      </class> <!-- com.livejournalmain.testcategories.logintests.HomePageActualTest -->
    </test> <!-- Default test -->
  </suite> <!-- Default suite -->
</testng-results>
